<?xml version="1.0" encoding="UTF-8"?>
<!-- Generated by org.testng.reporters.JUnitReportReporter -->
<testsuite hostname="LAPTOP-6O2QONVB" failures="0" tests="1" name="com.bestbuy.test.ShopByBrandTest" time="31.861" errors="0" timestamp="2024-05-01T16:25:24 IST" skipped="0">
  <testcase classname="com.bestbuy.test.ShopByBrandTest" name="TC007_shopByBrand" time="31.861"/>
</testsuite> <!-- com.bestbuy.test.ShopByBrandTest -->
