<?xml version="1.0" encoding="UTF-8"?>
<!-- Generated by org.testng.reporters.JUnitReportReporter -->
<testsuite hostname="LAPTOP-6O2QONVB" failures="0" tests="1" name="com.bestbuy.test.LoginInvalidTest" time="24.333" errors="0" timestamp="2024-05-01T16:26:26 IST" skipped="0">
  <testcase classname="com.bestbuy.test.LoginInvalidTest" name="TC010_accountLoginwithInvalidCredentials" time="24.333"/>
</testsuite> <!-- com.bestbuy.test.LoginInvalidTest -->
