<?xml version="1.0" encoding="UTF-8"?>
<!-- Generated by org.testng.reporters.JUnitReportReporter -->
<testsuite hostname="LAPTOP-6O2QONVB" failures="0" tests="1" name="com.bestbuy.test.ProductAddtoCartTest" time="34.837" errors="0" timestamp="2024-04-30T11:38:37 IST" skipped="0">
  <testcase classname="com.bestbuy.test.ProductAddtoCartTest" name="TC004_addToCart" time="34.837"/>
</testsuite> <!-- com.bestbuy.test.ProductAddtoCartTest -->
