<?xml version="1.0" encoding="UTF-8"?>
<!-- Generated by org.testng.reporters.JUnitReportReporter -->
<testsuite hostname="LAPTOP-6O2QONVB" failures="0" tests="1" name="com.bestbuy.test.CheckBrokenUrlTest" time="13.450" errors="0" timestamp="2024-04-30T16:57:37 IST" skipped="0">
  <testcase classname="com.bestbuy.test.CheckBrokenUrlTest" name="TC003_checkBrokenUrl" time="13.450"/>
</testsuite> <!-- com.bestbuy.test.CheckBrokenUrlTest -->
