<?xml version="1.0" encoding="UTF-8"?>
<!-- Generated by org.testng.reporters.JUnitReportReporter -->
<testsuite hostname="LAPTOP-6O2QONVB" failures="0" tests="1" name="com.bestbuy.test.CheckBottomLinksNavigation" time="24.812" errors="0" timestamp="2024-05-01T16:22:37 IST" skipped="0">
  <testcase classname="com.bestbuy.test.CheckBottomLinksNavigation" name="TC005_bottomMenuLinksNavigation" time="24.812"/>
</testsuite> <!-- com.bestbuy.test.CheckBottomLinksNavigation -->
