<?xml version="1.0" encoding="UTF-8"?>
<!-- Generated by org.testng.reporters.JUnitReportReporter -->
<testsuite hostname="LAPTOP-6O2QONVB" failures="0" tests="1" name="com.bestbuy.test.CheckMenuLinksNavigationTest" time="146.063" errors="0" timestamp="2024-04-30T14:09:47 IST" skipped="0">
  <testcase classname="com.bestbuy.test.CheckMenuLinksNavigationTest" name="TC005_menuLinksNavigation" time="146.063"/>
</testsuite> <!-- com.bestbuy.test.CheckMenuLinksNavigationTest -->
