<?xml version="1.0" encoding="UTF-8"?>
<!-- Generated by org.testng.reporters.JUnitReportReporter -->
<testsuite hostname="LAPTOP-6O2QONVB" failures="0" tests="1" name="com.bestbuy.test.ShopBydepartmentTest" time="35.312" errors="0" timestamp="2024-05-01T16:22:37 IST" skipped="0">
  <testcase classname="com.bestbuy.test.ShopBydepartmentTest" name="TC008_shopByDepartment" time="35.312"/>
</testsuite> <!-- com.bestbuy.test.ShopBydepartmentTest -->
