<?xml version="1.0" encoding="UTF-8"?>
<!-- Generated by org.testng.reporters.JUnitReportReporter -->
<testsuite hostname="LAPTOP-6O2QONVB" failures="0" tests="1" name="com.bestbuy.test.SignUpwithInvalidCredentials" time="27.523" errors="0" timestamp="2024-04-30T17:05:03 IST" skipped="0">
  <testcase classname="com.bestbuy.test.SignUpwithInvalidCredentials" name="TC011_signUpInvalid" time="27.523"/>
</testsuite> <!-- com.bestbuy.test.SignUpwithInvalidCredentials -->
