<?xml version="1.0" encoding="UTF-8"?>
<!-- Generated by org.testng.reporters.JUnitReportReporter -->
<testsuite hostname="LAPTOP-6O2QONVB" failures="0" tests="1" name="com.bestbuy.test.ShopByBrandTest" time="31.496" errors="0" timestamp="2024-04-30T14:12:25 IST" skipped="0">
  <testcase classname="com.bestbuy.test.ShopByBrandTest" name="TC009_shopByBrand" time="31.496"/>
</testsuite> <!-- com.bestbuy.test.ShopByBrandTest -->
