<?xml version="1.0" encoding="UTF-8"?>
<!-- Generated by org.testng.reporters.JUnitReportReporter -->
<testsuite hostname="LAPTOP-6O2QONVB" failures="0" tests="1" name="com.bestbuy.test.CheckMenuLinksNavigationTest" time="28.758" errors="0" timestamp="2024-05-01T16:24:23 IST" skipped="0">
  <testcase classname="com.bestbuy.test.CheckMenuLinksNavigationTest" name="TC004_menuLinksNavigation" time="28.758"/>
</testsuite> <!-- com.bestbuy.test.CheckMenuLinksNavigationTest -->
