<?xml version="1.0" encoding="UTF-8"?>
<!-- Generated by org.testng.reporters.JUnitReportReporter -->
<testsuite hostname="LAPTOP-6O2QONVB" failures="0" tests="1" name="com.bestbuy.test.ShopBydepartmentTest" time="33.146" errors="0" timestamp="2024-04-30T14:11:18 IST" skipped="0">
  <testcase classname="com.bestbuy.test.ShopBydepartmentTest" name="TC010_shopByDepartment" time="33.146"/>
</testsuite> <!-- com.bestbuy.test.ShopBydepartmentTest -->
