<?xml version="1.0" encoding="UTF-8"?>
<!-- Generated by org.testng.reporters.JUnitReportReporter -->
<testsuite hostname="LAPTOP-6O2QONVB" failures="0" tests="1" name="com.bestbuy.test.LoginInvalidTest" time="17.190" errors="0" timestamp="2024-04-30T16:35:46 IST" skipped="0">
  <testcase classname="com.bestbuy.test.LoginInvalidTest" name="TC012_accountLoginwithInvalidCredentials" time="17.190"/>
</testsuite> <!-- com.bestbuy.test.LoginInvalidTest -->
